b:\projects\visual studio\morpheus-engine\bin-int\debug-windows-x86_64\morpheus-core\quaternion.obj
b:\projects\visual studio\morpheus-engine\bin-int\debug-windows-x86_64\morpheus-core\rendercommand.obj
b:\projects\visual studio\morpheus-engine\bin-int\debug-windows-x86_64\morpheus-core\morpheuslogger.obj
b:\projects\visual studio\morpheus-engine\bin-int\debug-windows-x86_64\morpheus-core\vulkancommandpool.obj
b:\projects\visual studio\morpheus-engine\bin-int\debug-windows-x86_64\morpheus-core\vulkaninstance.obj
b:\projects\visual studio\morpheus-engine\bin-int\debug-windows-x86_64\morpheus-core\application.obj
b:\projects\visual studio\morpheus-engine\bin-int\debug-windows-x86_64\morpheus-core\vector2.obj
b:\projects\visual studio\morpheus-engine\bin-int\debug-windows-x86_64\morpheus-core\vulkancommandbuffer.obj
b:\projects\visual studio\morpheus-engine\bin-int\debug-windows-x86_64\morpheus-core\vulkanrenderpass.obj
b:\projects\visual studio\morpheus-engine\bin-int\debug-windows-x86_64\morpheus-core\functionsystem.obj
b:\projects\visual studio\morpheus-engine\bin-int\debug-windows-x86_64\morpheus-core\timerclass.obj
b:\projects\visual studio\morpheus-engine\bin-int\debug-windows-x86_64\morpheus-core\vulkangraphicspipeline.obj
b:\projects\visual studio\morpheus-engine\bin-int\debug-windows-x86_64\morpheus-core\vulkanrendererapi.obj
b:\projects\visual studio\morpheus-engine\bin-int\debug-windows-x86_64\morpheus-core\window.obj
b:\projects\visual studio\morpheus-engine\bin-int\debug-windows-x86_64\morpheus-core\rendererapi.obj
b:\projects\visual studio\morpheus-engine\bin-int\debug-windows-x86_64\morpheus-core\vulkansurface.obj
b:\projects\visual studio\morpheus-engine\bin-int\debug-windows-x86_64\morpheus-core\matrix4.obj
b:\projects\visual studio\morpheus-engine\bin-int\debug-windows-x86_64\morpheus-core\vector4.obj
b:\projects\visual studio\morpheus-engine\bin-int\debug-windows-x86_64\morpheus-core\glfwapiwindow.obj
b:\projects\visual studio\morpheus-engine\bin-int\debug-windows-x86_64\morpheus-core\vulkanimageview.obj
b:\projects\visual studio\morpheus-engine\bin-int\debug-windows-x86_64\morpheus-core\vulkanvalidation.obj
b:\projects\visual studio\morpheus-engine\bin-int\debug-windows-x86_64\morpheus-core\layersystem.obj
b:\projects\visual studio\morpheus-engine\bin-int\debug-windows-x86_64\morpheus-core\vulkanframebuffer.obj
b:\projects\visual studio\morpheus-engine\bin-int\debug-windows-x86_64\morpheus-core\vulkanswapchain.obj
b:\projects\visual studio\morpheus-engine\bin-int\debug-windows-x86_64\morpheus-core\vector3.obj
b:\projects\visual studio\morpheus-engine\bin-int\debug-windows-x86_64\morpheus-core\morpheusios.obj
b:\projects\visual studio\morpheus-engine\bin-int\debug-windows-x86_64\morpheus-core\vulkandevice.obj
b:\projects\visual studio\morpheus-engine\bin-int\debug-windows-x86_64\morpheus-core\morpheus-core.pch
b:\projects\visual studio\morpheus-engine\bin-int\debug-windows-x86_64\morpheus-core\morpheus-core.pdb
b:\projects\visual studio\morpheus-engine\bin-int\debug-windows-x86_64\morpheus-core\morpheus-core.idb
b:\projects\visual studio\morpheus-engine\bin-int\debug-windows-x86_64\morpheus-core\morppch.obj
b:\projects\visual studio\morpheus-engine\bin\debug-windows-x86_64\morpheus-core\morpheus-core.lib
b:\projects\visual studio\morpheus-engine\morpheus-core\..\bin\debug-windows-x86_64\morpheus-core\morpheus-core.lib
b:\projects\visual studio\morpheus-engine\bin-int\debug-windows-x86_64\morpheus-core\morpheus-core.tlog\cl.command.1.tlog
b:\projects\visual studio\morpheus-engine\bin-int\debug-windows-x86_64\morpheus-core\morpheus-core.tlog\cl.read.1.tlog
b:\projects\visual studio\morpheus-engine\bin-int\debug-windows-x86_64\morpheus-core\morpheus-core.tlog\cl.write.1.tlog
b:\projects\visual studio\morpheus-engine\bin-int\debug-windows-x86_64\morpheus-core\morpheus-core.tlog\lib-link.read.1.tlog
b:\projects\visual studio\morpheus-engine\bin-int\debug-windows-x86_64\morpheus-core\morpheus-core.tlog\lib-link.write.1.tlog
b:\projects\visual studio\morpheus-engine\bin-int\debug-windows-x86_64\morpheus-core\morpheus-core.tlog\lib.command.1.tlog
