  GraphicsContext.cpp
  IndexBuffer.cpp
  VertexBuffer.cpp
  VulkanCommandBuffer.cpp
  VulkanCommandPool.cpp
  VulkanInstructions.cpp
  VulkanContext.cpp
  VulkanDevice.cpp
B:\Projects\Visual Studio\Morpheus-Engine\Morpheus-Core\Source\Platform\Vulkan\VulkanCore\VulkanValidation.h(15,37): warning C4267: 'return': conversion from 'size_t' to 'const Morpheus::uint32', possible loss of data (compiling source file Source\Platform\Vulkan\VulkanCommand\VulkanCommandBuffer.cpp)
B:\Projects\Visual Studio\Morpheus-Engine\Morpheus-Core\Source\Platform\Vulkan\VulkanCore\VulkanValidation.h(15,37): warning C4267: 'return': conversion from 'size_t' to 'const Morpheus::uint32', possible loss of data (compiling source file Source\Platform\Vulkan\VulkanCore\VulkanDevice.cpp)
B:\Projects\Visual Studio\Morpheus-Engine\Morpheus-Core\Source\Platform\Vulkan\VulkanCore\VulkanValidation.h(15,37): warning C4267: 'return': conversion from 'size_t' to 'const Morpheus::uint32', possible loss of data (compiling source file Source\Morpheus\Renderer\RendererCore\GraphicsContext.cpp)
B:\Projects\Visual Studio\Morpheus-Engine\Morpheus-Core\Source\Platform\Vulkan\VulkanCore\VulkanValidation.h(15,37): warning C4267: 'return': conversion from 'size_t' to 'const Morpheus::uint32', possible loss of data (compiling source file Source\Platform\Vulkan\VulkanContext.cpp)
B:\Projects\Visual Studio\Morpheus-Engine\Morpheus-Core\Source\Platform\Vulkan\VulkanCommand\VulkanCommandPool.cpp(69,48): warning C4267: '=': conversion from 'size_t' to '_Ty', possible loss of data
          with
          [
              _Ty=Morpheus::uint32
          ]
B:\Projects\Visual Studio\Morpheus-Engine\Morpheus-Core\Source\Platform\Vulkan\VulkanCommand\VulkanCommandPool.cpp(116,37): warning C4267: 'return': conversion from 'size_t' to 'Morpheus::uint32', possible loss of data
B:\Projects\Visual Studio\Morpheus-Engine\Morpheus-Core\Source\Platform\Vulkan\VulkanCommand\VulkanCommandBuffer.cpp(87,90): warning C4267: 'argument': conversion from 'size_t' to 'uint32_t', possible loss of data
B:\Projects\Visual Studio\Morpheus-Engine\Morpheus-Core\Source\Platform\Vulkan\VulkanCore\VulkanDevice.cpp(214,61): warning C4267: '=': conversion from 'size_t' to 'uint32_t', possible loss of data
B:\Projects\Visual Studio\Morpheus-Engine\Morpheus-Core\Source\Platform\Vulkan\VulkanCore\VulkanDevice.cpp(217,58): warning C4267: '=': conversion from 'size_t' to 'uint32_t', possible loss of data
B:\Projects\Visual Studio\Morpheus-Engine\Morpheus-Core\Source\Platform\Vulkan\VulkanCommand\VulkanCommandBuffer.cpp(220,69): warning C4267: 'argument': conversion from 'size_t' to 'uint32_t', possible loss of data
  VulkanInstance.cpp
  VulkanResource.cpp
  VulkanUnit.cpp
  VulkanValidation.cpp
  VulkanIndexBuffer.cpp
  VulkanVertexBuffer.cpp
B:\Projects\Visual Studio\Morpheus-Engine\Morpheus-Core\Source\Platform\Vulkan\VulkanCore\VulkanDevice.cpp(60): warning C4715: 'Morpheus::Vulkan::VulkanDevice::FindMemoryType': not all control paths return a value
B:\Projects\Visual Studio\Morpheus-Engine\Morpheus-Core\Source\Platform\Vulkan\VulkanCore\VulkanDevice.cpp(73): warning C4715: 'Morpheus::Vulkan::VulkanDevice::GetQueueIndices': not all control paths return a value
B:\Projects\Visual Studio\Morpheus-Engine\Morpheus-Core\Source\Platform\Vulkan\VulkanCore\VulkanValidation.h(15): warning C4172: returning address of local variable or temporary
B:\Projects\Visual Studio\Morpheus-Engine\Morpheus-Core\Source\Platform\Vulkan\VulkanCore\VulkanValidation.h(15,37): warning C4267: 'return': conversion from 'size_t' to 'const Morpheus::uint32', possible loss of data (compiling source file Source\Platform\Vulkan\VulkanCore\VulkanInstance.cpp)
B:\Projects\Visual Studio\Morpheus-Engine\Morpheus-Core\Source\Platform\Vulkan\VulkanCore\VulkanValidation.h(15,37): warning C4267: 'return': conversion from 'size_t' to 'const Morpheus::uint32', possible loss of data (compiling source file Source\Platform\Vulkan\VulkanCore\VulkanValidation.cpp)
B:\Projects\Visual Studio\Morpheus-Engine\Morpheus-Core\Source\Platform\Vulkan\VulkanCore\VulkanInstance.cpp(89,55): warning C4267: '=': conversion from 'size_t' to 'uint32_t', possible loss of data
B:\Projects\Visual Studio\Morpheus-Engine\Morpheus-Core\Source\Platform\Vulkan\VulkanCore\VulkanValidation.h(15): warning C4172: returning address of local variable or temporary
  Morpheus-Core.vcxproj -> B:\Projects\Visual Studio\Morpheus-Engine\Morpheus-Core\..\Morpheus-Bin\Debug-windows-x86_64\Morpheus-Core\Morpheus-Core.lib
